生成启动时间为 2019/2/25 星期一 14:33:20。
     1>项目“E:\canDel\protobuf-2.6.1\vsprojects\protoc.vcxproj”在节点 2 上(Build 个目标)。
     1>C:\Program Files (x86)\MSBuild\Microsoft.Cpp\v4.0\V120\Microsoft.CppBuild.targets(381,5): warning MSB8028: The intermediate directory (x64\Release\) contains files shared from another project (libprotobuf.vcxproj, libprotoc.vcxproj).  This can lead to incorrect clean and rebuild behavior.
     1>ClCompile:
         F:\Program Files (x86)\Microsoft Visual Studio 12.0\VC\bin\x86_amd64\CL.exe /c /I../src /I. /Zi /nologo /W3 /WX- /O2 /D WIN32 /D NDEBUG /D _CONSOLE /Gm- /EHsc /MD /GS /fp:precise /Zc:wchar_t /Zc:forScope /Fo"x64\Release\\" /Fd"x64\Release\vc120.pdb" /Gd /TP /errorReport:prompt /wd4244 /wd4267 /wd4018 /wd4355 /wd4800 /wd4251 /wd4996 /wd4146 /wd4305 ..\src\google\protobuf\compiler\main.cc
         main.cc
     1>项目“E:\canDel\protobuf-2.6.1\vsprojects\protoc.vcxproj”(1)正在节点 2 上生成“E:\canDel\protobuf-2.6.1\vsprojects\libprotobuf.vcxproj”(2:3) (GetResolvedLinkLibs 个目标)。
     2>C:\Program Files (x86)\MSBuild\Microsoft.Cpp\v4.0\V120\Microsoft.CppBuild.targets(381,5): warning MSB8028: The intermediate directory (x64\Release\) contains files shared from another project (libprotoc.vcxproj, protoc.vcxproj).  This can lead to incorrect clean and rebuild behavior.
     2>已完成生成项目“E:\canDel\protobuf-2.6.1\vsprojects\libprotobuf.vcxproj”(GetResolvedLinkLibs 个目标)的操作。
     1>项目“E:\canDel\protobuf-2.6.1\vsprojects\protoc.vcxproj”(1)正在节点 1 上生成“E:\canDel\protobuf-2.6.1\vsprojects\libprotoc.vcxproj”(3:3) (GetResolvedLinkLibs 个目标)。
     3>C:\Program Files (x86)\MSBuild\Microsoft.Cpp\v4.0\V120\Microsoft.CppBuild.targets(381,5): warning MSB8028: The intermediate directory (x64\Release\) contains files shared from another project (libprotobuf.vcxproj, protoc.vcxproj).  This can lead to incorrect clean and rebuild behavior.
     3>已完成生成项目“E:\canDel\protobuf-2.6.1\vsprojects\libprotoc.vcxproj”(GetResolvedLinkLibs 个目标)的操作。
     1>Link:
         F:\Program Files (x86)\Microsoft Visual Studio 12.0\VC\bin\x86_amd64\link.exe /ERRORREPORT:PROMPT /OUT:"E:\canDel\protobuf-2.6.1\vsprojects\x64\Release\protoc.exe" /INCREMENTAL /NOLOGO kernel32.lib user32.lib gdi32.lib winspool.lib comdlg32.lib advapi32.lib shell32.lib ole32.lib oleaut32.lib uuid.lib odbc32.lib odbccp32.lib /MANIFEST /MANIFESTUAC:"level='asInvoker' uiAccess='false'" /manifest:embed /DEBUG /PDB:"E:\canDel\protobuf-2.6.1\vsprojects\x64\Release\protoc.pdb" /SUBSYSTEM:CONSOLE /OPT:REF /OPT:ICF /TLBID:1 /DYNAMICBASE /NXCOMPAT /IMPLIB:"E:\canDel\protobuf-2.6.1\vsprojects\x64\Release\protoc.lib" /MACHINE:X64 x64\Release\main.obj
         "E:\canDel\protobuf-2.6.1\vsprojects\x64\Release\libprotobuf.lib"
         "E:\canDel\protobuf-2.6.1\vsprojects\x64\Release\libprotoc.lib"
     1>LINK : warning LNK4075: 忽略“/INCREMENTAL”(由于“/OPT:ICF”规范)
         protoc.vcxproj -> E:\canDel\protobuf-2.6.1\vsprojects\x64\Release\protoc.exe
     1>已完成生成项目“E:\canDel\protobuf-2.6.1\vsprojects\protoc.vcxproj”(Build 个目标)的操作。

生成成功。

已用时间 00:00:02.22
